The system is: Windows - 10.0.19042 - AMD64
Compiling the CXX compiler identification source file "CMakeCXXCompilerId.cpp" succeeded.
Compiler:  
Build flags: 
Id flags:  

The output was:
0
Microsoft (R) Build Engine verze 16.11.0+0538acc04 pro .NET Framework
Copyright (C) Microsoft Corporation. Vçechna pr va vyhrazena.

Vytv ýenˇ sestavenˇ bylo zah jeno 04.04.2022 15:16:59.
Projekt D:\I2B_Pribyl\SDL\mines\build\CMakeFiles\3.22.2\CompilerIdCXX\CompilerIdCXX.vcxproj v uzlu 1 (věchozˇ cˇle).
PrepareForBuild:
  Probˇh  vytv ýenˇ adres ýe Debug\.
  Probˇh  vytv ýenˇ adres ýe Debug\CompilerIdCXX.tlog\.
InitializeBuildStatus:
  Probˇh  vytv ýenˇ souboru Debug\CompilerIdCXX.tlog\unsuccessfulbuild v d…sledku zad nˇ AlwaysCreate.
ClCompile:
  C:\Program Files (x86)\Microsoft Visual Studio\2019\Enterprise\VC\Tools\MSVC\14.29.30133\bin\HostX64\x64\CL.exe /c /nologo /W0 /WX- /diagnostics:column /Od /D _MBCS /Gm- /EHsc /RTC1 /MDd /GS /fp:precise /Zc:wchar_t /Zc:forScope /Zc:inline /Fo"Debug\\" /Fd"Debug\vc142.pdb" /external:W0 /Gd /TP /FC /errorReport:queue CMakeCXXCompilerId.cpp
  CMakeCXXCompilerId.cpp
Link:
  C:\Program Files (x86)\Microsoft Visual Studio\2019\Enterprise\VC\Tools\MSVC\14.29.30133\bin\HostX64\x64\link.exe /ERRORREPORT:QUEUE /OUT:".\CompilerIdCXX.exe" /INCREMENTAL:NO /NOLOGO kernel32.lib user32.lib gdi32.lib winspool.lib comdlg32.lib advapi32.lib shell32.lib ole32.lib oleaut32.lib uuid.lib odbc32.lib odbccp32.lib /MANIFEST /MANIFESTUAC:"level='asInvoker' uiAccess='false'" /manifest:embed /PDB:".\CompilerIdCXX.pdb" /SUBSYSTEM:CONSOLE /TLBID:1 /DYNAMICBASE /NXCOMPAT /IMPLIB:".\CompilerIdCXX.lib" /MACHINE:X64 Debug\CMakeCXXCompilerId.obj
  CompilerIdCXX.vcxproj -> D:\I2B_Pribyl\SDL\mines\build\CMakeFiles\3.22.2\CompilerIdCXX\CompilerIdCXX.exe
PostBuildEvent:
  for %%i in (cl.exe) do @echo CMAKE_CXX_COMPILER=%%~$PATH:i
  :VCEnd
  CMAKE_CXX_COMPILER=C:\Program Files (x86)\Microsoft Visual Studio\2019\Enterprise\VC\Tools\MSVC\14.29.30133\bin\Hostx64\x64\cl.exe
FinalizeBuildStatus:
  Probˇh  odstraĺov nˇ souboru Debug\CompilerIdCXX.tlog\unsuccessfulbuild.
  Probˇh  aktualizace źasov‚ho razˇtka pro Debug\CompilerIdCXX.tlog\CompilerIdCXX.lastbuildstate.
Sestavenˇ projektu D:\I2B_Pribyl\SDL\mines\build\CMakeFiles\3.22.2\CompilerIdCXX\CompilerIdCXX.vcxproj (s věchozˇmi cˇli) bylo dokonźeno.

Vytv ýenˇ sestavenˇ bylo ŁspŘçnŘ dokonźeno.
    0 upozornŘnˇ
    Poźet chyb: 0

Uplynulě źas 00:00:01.16


Compilation of the CXX compiler identification source "CMakeCXXCompilerId.cpp" produced "CompilerIdCXX.exe"

Compilation of the CXX compiler identification source "CMakeCXXCompilerId.cpp" produced "CompilerIdCXX.vcxproj"

The CXX compiler identification is MSVC, found in "D:/I2B_Pribyl/SDL/mines/build/CMakeFiles/3.22.2/CompilerIdCXX/CompilerIdCXX.exe"

Detecting CXX compiler ABI info compiled with the following output:
Change Dir: D:/I2B_Pribyl/SDL/mines/build/CMakeFiles/CMakeTmp

Run Build Command(s):C:/Program Files (x86)/Microsoft Visual Studio/2019/Enterprise/MSBuild/Current/Bin/MSBuild.exe cmTC_f1d7f.vcxproj /p:Configuration=Debug /p:Platform=x64 /p:VisualStudioVersion=16.0 /v:m && Microsoft (R) Build Engine verze 16.11.0+0538acc04 pro .NET Framework
Copyright (C) Microsoft Corporation. Vçechna pr va vyhrazena.

  Optimalizujˇcˇ kompil tor C/C++ spoleźnosti Microsoft (R) verze 19.29.30133 pro procesory x64
  Copyright (C) Microsoft Corporation. Vçechna pr va vyhrazena.
  CMakeCXXCompilerABI.cpp
  cl /c /Zi /W3 /WX- /diagnostics:column /Od /Ob0 /D _MBCS /D WIN32 /D _WINDOWS /D "CMAKE_INTDIR=\"Debug\"" /Gm- /EHsc /RTC1 /MDd /GS /fp:precise /Zc:wchar_t /Zc:forScope /Zc:inline /GR /Fo"cmTC_f1d7f.dir\Debug\\" /Fd"cmTC_f1d7f.dir\Debug\vc142.pdb" /external:W3 /Gd /TP /errorReport:queue "D:\I2B_Pribyl\cmake-3.22.2-windows-x86_64\cmake-3.22.2-windows-x86_64\share\cmake-3.22\Modules\CMakeCXXCompilerABI.cpp"
  cmTC_f1d7f.vcxproj -> D:\I2B_Pribyl\SDL\mines\build\CMakeFiles\CMakeTmp\Debug\cmTC_f1d7f.exe



